d:\prog\xinputreader\xinputreader\x64\debug\vc141.pdb
d:\prog\xinputreader\xinputreader\x64\debug\vc141.idb
d:\prog\xinputreader\xinputreader\x64\debug\xinputreader.obj
d:\prog\xinputreader\xinputreader\x64\debug\dllmain.obj
d:\prog\xinputreader\xinputreader\x64\debug\windowhandler.obj
d:\prog\xinputreader\xinputreader\x64\debug\joypoller.obj
d:\prog\xinputreader\xinputreader\x64\debug\joystick.obj
d:\prog\xinputreader\xinputreader\x64\debug\xreaderthread.obj
d:\prog\xinputreader\x64\debug\xinputreader.dll
d:\prog\xinputreader\x64\debug\xinputreader.ilk
d:\prog\xinputreader\x64\debug\xinputreader.pdb
d:\prog\xinputreader\x64\debug\xinputreader.lib
d:\prog\xinputreader\x64\debug\xinputreader.exp
d:\prog\xinputreader\xinputreader\x64\debug\xinputreader.tlog\cl.command.1.tlog
d:\prog\xinputreader\xinputreader\x64\debug\xinputreader.tlog\cl.read.1.tlog
d:\prog\xinputreader\xinputreader\x64\debug\xinputreader.tlog\cl.write.1.tlog
d:\prog\xinputreader\xinputreader\x64\debug\xinputreader.tlog\link.11612.delete.1.tlog
d:\prog\xinputreader\xinputreader\x64\debug\xinputreader.tlog\link.12240.delete.1.tlog
d:\prog\xinputreader\xinputreader\x64\debug\xinputreader.tlog\link.13588.delete.1.tlog
d:\prog\xinputreader\xinputreader\x64\debug\xinputreader.tlog\link.18396.delete.1.tlog
d:\prog\xinputreader\xinputreader\x64\debug\xinputreader.tlog\link.19432.delete.1.tlog
d:\prog\xinputreader\xinputreader\x64\debug\xinputreader.tlog\link.4320.delete.1.tlog
d:\prog\xinputreader\xinputreader\x64\debug\xinputreader.tlog\link.4636.delete.1.tlog
d:\prog\xinputreader\xinputreader\x64\debug\xinputreader.tlog\link.command.1.tlog
d:\prog\xinputreader\xinputreader\x64\debug\xinputreader.tlog\link.read.1.tlog
d:\prog\xinputreader\xinputreader\x64\debug\xinputreader.tlog\link.write.1.tlog
d:\prog\xinputreader\xinputreader\x64\debug\xinputreader.tlog\xinputreader.write.1u.tlog
